# JRE version: OpenJDK Runtime Environment (8.0_171-b11) (build 1.8.0_171-8u171-b11-0ubuntu0.16.04.1-b11)
# Java VM: OpenJDK 64-Bit Server VM (25.171-b11 mixed mode linux-amd64 compressed oops)
Heap:
 PSYoungGen      total 501248K, used 73350K [0x000000076c700000, 0x0000000790a00000, 0x00000007c0000000)
  eden space 415744K, 0% used [0x000000076c700000,0x000000076c700000,0x0000000785d00000)
  from space 85504K, 85% used [0x0000000785d00000,0x000000078a4a19b0,0x000000078b080000)
  to   space 80384K, 0% used [0x000000078b080000,0x000000078b080000,0x000000078ff00000)
 ParOldGen       total 259072K, used 112402K [0x00000006c5400000, 0x00000006d5100000, 0x000000076c700000)
  object space 259072K, 43% used [0x00000006c5400000,0x00000006cc1c4998,0x00000006d5100000)
 Metaspace       used 27787K, capacity 28616K, committed 28720K, reserved 1075200K
  class space    used 3172K, capacity 3373K, committed 3376K, reserved 1048576K
GC Heap History (10 events):
Event: 8.959 GC heap after
Heap after GC invocations=8 (full 1):
 PSYoungGen      total 263680K, used 27123K [0x000000076c700000, 0x0000000785500000, 0x00000007c0000000)
  eden space 236544K, 0% used [0x000000076c700000,0x000000076c700000,0x000000077ae00000)
  from space 27136K, 99% used [0x000000077ae00000,0x000000077c87cfb0,0x000000077c880000)
  to   space 41984K, 0% used [0x0000000782c00000,0x0000000782c00000,0x0000000785500000)
 ParOldGen       total 111616K, used 54285K [0x00000006c5400000, 0x00000006cc100000, 0x000000076c700000)
  object space 111616K, 48% used [0x00000006c5400000,0x00000006c8903480,0x00000006cc100000)
 Metaspace       used 27693K, capacity 28558K, committed 28720K, reserved 1075200K
  class space    used 3172K, capacity 3373K, committed 3376K, reserved 1048576K
}
Event: 10.722 GC heap before
{Heap before GC invocations=9 (full 1):
 PSYoungGen      total 263680K, used 263667K [0x000000076c700000, 0x0000000785500000, 0x00000007c0000000)
  eden space 236544K, 100% used [0x000000076c700000,0x000000077ae00000,0x000000077ae00000)
  from space 27136K, 99% used [0x000000077ae00000,0x000000077c87cfb0,0x000000077c880000)
  to   space 41984K, 0% used [0x0000000782c00000,0x0000000782c00000,0x0000000785500000)
 ParOldGen       total 111616K, used 54285K [0x00000006c5400000, 0x00000006cc100000, 0x000000076c700000)
  object space 111616K, 48% used [0x00000006c5400000,0x00000006c8903480,0x00000006cc100000)
 Metaspace       used 27699K, capacity 28558K, committed 28720K, reserved 1075200K
  class space    used 3172K, capacity 3373K, committed 3376K, reserved 1048576K
Event: 10.786 GC heap after
Heap after GC invocations=9 (full 1):
 PSYoungGen      total 347648K, used 41955K [0x000000076c700000, 0x000000078ae00000, 0x00000007c0000000)
  eden space 305664K, 0% used [0x000000076c700000,0x000000076c700000,0x000000077f180000)
  from space 41984K, 99% used [0x0000000782c00000,0x00000007854f8d48,0x0000000785500000)
  to   space 59904K, 0% used [0x000000077f180000,0x000000077f180000,0x0000000782c00000)
 ParOldGen       total 111616K, used 78614K [0x00000006c5400000, 0x00000006cc100000, 0x000000076c700000)
  object space 111616K, 70% used [0x00000006c5400000,0x00000006ca0c5a90,0x00000006cc100000)
 Metaspace       used 27699K, capacity 28558K, committed 28720K, reserved 1075200K
  class space    used 3172K, capacity 3373K, committed 3376K, reserved 1048576K
}
Event: 13.247 GC heap before
{Heap before GC invocations=10 (full 1):
 PSYoungGen      total 347648K, used 347619K [0x000000076c700000, 0x000000078ae00000, 0x00000007c0000000)
  eden space 305664K, 100% used [0x000000076c700000,0x000000077f180000,0x000000077f180000)
  from space 41984K, 99% used [0x0000000782c00000,0x00000007854f8d48,0x0000000785500000)
  to   space 59904K, 0% used [0x000000077f180000,0x000000077f180000,0x0000000782c00000)
 ParOldGen       total 111616K, used 78614K [0x00000006c5400000, 0x00000006cc100000, 0x000000076c700000)
  object space 111616K, 70% used [0x00000006c5400000,0x00000006ca0c5a90,0x00000006cc100000)
 Metaspace       used 27699K, capacity 28558K, committed 28720K, reserved 1075200K
  class space    used 3172K, capacity 3373K, committed 3376K, reserved 1048576K
Event: 13.352 GC heap after
Heap after GC invocations=10 (full 1):
 PSYoungGen      total 365568K, used 59896K [0x000000076c700000, 0x000000078ff00000, 0x00000007c0000000)
  eden space 305664K, 0% used [0x000000076c700000,0x000000076c700000,0x000000077f180000)
  from space 59904K, 99% used [0x000000077f180000,0x0000000782bfe0a8,0x0000000782c00000)
  to   space 80384K, 0% used [0x000000078b080000,0x000000078b080000,0x000000078ff00000)
 ParOldGen       total 111616K, used 104206K [0x00000006c5400000, 0x00000006cc100000, 0x000000076c700000)
  object space 111616K, 93% used [0x00000006c5400000,0x00000006cb9c39a8,0x00000006cc100000)
 Metaspace       used 27699K, capacity 28558K, committed 28720K, reserved 1075200K
  class space    used 3172K, capacity 3373K, committed 3376K, reserved 1048576K
}
Event: 13.352 GC heap before
{Heap before GC invocations=11 (full 2):
 PSYoungGen      total 365568K, used 59896K [0x000000076c700000, 0x000000078ff00000, 0x00000007c0000000)
  eden space 305664K, 0% used [0x000000076c700000,0x000000076c700000,0x000000077f180000)
  from space 59904K, 99% used [0x000000077f180000,0x0000000782bfe0a8,0x0000000782c00000)
  to   space 80384K, 0% used [0x000000078b080000,0x000000078b080000,0x000000078ff00000)
 ParOldGen       total 111616K, used 104206K [0x00000006c5400000, 0x00000006cc100000, 0x000000076c700000)
  object space 111616K, 93% used [0x00000006c5400000,0x00000006cb9c39a8,0x00000006cc100000)
 Metaspace       used 27699K, capacity 28558K, committed 28720K, reserved 1075200K
  class space    used 3172K, capacity 3373K, committed 3376K, reserved 1048576K
Event: 13.483 GC heap after
Heap after GC invocations=11 (full 2):
 PSYoungGen      total 365568K, used 0K [0x000000076c700000, 0x000000078ff00000, 0x00000007c0000000)
  eden space 305664K, 0% used [0x000000076c700000,0x000000076c700000,0x000000077f180000)
  from space 59904K, 0% used [0x000000077f180000,0x000000077f180000,0x0000000782c00000)
  to   space 80384K, 0% used [0x000000078b080000,0x000000078b080000,0x000000078ff00000)
 ParOldGen       total 259072K, used 106498K [0x00000006c5400000, 0x00000006d5100000, 0x000000076c700000)
  object space 259072K, 41% used [0x00000006c5400000,0x00000006cbc00998,0x00000006d5100000)
 Metaspace       used 27683K, capacity 28540K, committed 28720K, reserved 1075200K
  class space    used 3170K, capacity 3371K, committed 3376K, reserved 1048576K
}
Event: 15.685 GC heap before
{Heap before GC invocations=12 (full 2):
 PSYoungGen      total 365568K, used 305664K [0x000000076c700000, 0x000000078ff00000, 0x00000007c0000000)
  eden space 305664K, 100% used [0x000000076c700000,0x000000077f180000,0x000000077f180000)
  from space 59904K, 0% used [0x000000077f180000,0x000000077f180000,0x0000000782c00000)
  to   space 80384K, 0% used [0x000000078b080000,0x000000078b080000,0x000000078ff00000)
 ParOldGen       total 259072K, used 106498K [0x00000006c5400000, 0x00000006d5100000, 0x000000076c700000)
  object space 259072K, 41% used [0x00000006c5400000,0x00000006cbc00998,0x00000006d5100000)
 Metaspace       used 27684K, capacity 28540K, committed 28720K, reserved 1075200K
  class space    used 3170K, capacity 3371K, committed 3376K, reserved 1048576K
Event: 15.735 GC heap after
Heap after GC invocations=12 (full 2):
 PSYoungGen      total 496128K, used 58158K [0x000000076c700000, 0x0000000790a00000, 0x00000007c0000000)
  eden space 415744K, 0% used [0x000000076c700000,0x000000076c700000,0x0000000785d00000)
  from space 80384K, 72% used [0x000000078b080000,0x000000078e94baf0,0x000000078ff00000)
  to   space 85504K, 0% used [0x0000000785d00000,0x0000000785d00000,0x000000078b080000)
 ParOldGen       total 259072K, used 106498K [0x00000006c5400000, 0x00000006d5100000, 0x000000076c700000)
  object space 259072K, 41% used [0x00000006c5400000,0x00000006cbc00998,0x00000006d5100000)
 Metaspace       used 27684K, capacity 28540K, committed 28720K, reserved 1075200K
  class space    used 3170K, capacity 3371K, committed 3376K, reserved 1048576K
}
Event: 18.990 GC heap before
{Heap before GC invocations=13 (full 2):
 PSYoungGen      total 496128K, used 473902K [0x000000076c700000, 0x0000000790a00000, 0x00000007c0000000)
  eden space 415744K, 100% used [0x000000076c700000,0x0000000785d00000,0x0000000785d00000)
  from space 80384K, 72% used [0x000000078b080000,0x000000078e94baf0,0x000000078ff00000)
  to   space 85504K, 0% used [0x0000000785d00000,0x0000000785d00000,0x000000078b080000)
 ParOldGen       total 259072K, used 106498K [0x00000006c5400000, 0x00000006d5100000, 0x000000076c700000)
  object space 259072K, 41% used [0x00000006c5400000,0x00000006cbc00998,0x00000006d5100000)
 Metaspace       used 27787K, capacity 28616K, committed 28720K, reserved 1075200K
  class space    used 3172K, capacity 3373K, committed 3376K, reserved 1048576K

